<?xml version="1.0" encoding="utf-8" standalone="no"?>
<!--This file represents the results of running a test suite-->
<test-results name="C:\Program Files (x86)\Jenkins\jobs\BSCI\workspace\bin\Debug\BSCI.dll" total="1" errors="0" failures="0" not-run="0" inconclusive="0" ignored="0" skipped="0" invalid="0" date="2016-01-21" time="17:22:21">
  <environment nunit-version="2.6.4.14350" clr-version="2.0.50727.8009" os-version="Microsoft Windows NT 6.2.9200.0" platform="Win32NT" cwd="C:\Program Files (x86)\Jenkins\jobs\BSCI\workspace" machine-name="DELL-PC" user="SYSTEM" user-domain="WORKGROUP" />
  <culture-info current-culture="en-IN" current-uiculture="en-US" />
  <test-suite type="Assembly" name="C:\Program Files (x86)\Jenkins\jobs\BSCI\workspace\bin\Debug\BSCI.dll" executed="True" result="Success" success="True" time="95.804" asserts="0">
    <results>
      <test-suite type="Namespace" name="TestCases" executed="True" result="Success" success="True" time="95.782" asserts="0">
        <results>
          <test-suite type="TestFixture" name="TestSuites" executed="True" result="Success" success="True" time="95.778" asserts="0">
            <results>
              <test-case name="TestCases.TestSuites.ProducerList_003_ExportToExcel_Producer_List_SuperAdmin" executed="True" result="Success" success="True" time="95.735" asserts="0" />
            </results>
          </test-suite>
        </results>
      </test-suite>
    </results>
  </test-suite>
</test-results>